2018/11/29 00:33:20 [ WARN] Custom config '/iamseeData/serverSpace/gogs/custom/conf/app.ini' not found, ignore this if you're running first time
2018/11/29 00:33:20 [TRACE] Custom path: /iamseeData/serverSpace/gogs/custom
2018/11/29 00:33:20 [TRACE] Log path: /iamseeData/serverSpace/gogs/log
2018/11/29 00:33:20 [TRACE] Log Mode: Console (Trace)
2018/11/29 00:33:20 [ INFO] Gogs 0.11.33.1119
2018/11/29 00:33:20 [ INFO] Cache Service Enabled
2018/11/29 00:33:20 [ INFO] Session Service Enabled
2018/11/29 00:33:20 [ INFO] SQLite3 Supported
2018/11/29 00:33:20 [ INFO] Run Mode: Development
2018/11/29 00:33:20 [ INFO] Listen: http://0.0.0.0:3000
2018/11/29 00:33:33 [ WARN] Custom config '/iamseeData/serverSpace/gogs/custom/conf/app.ini' not found, ignore this if you're running first time
2018/11/29 00:33:33 [TRACE] Custom path: /iamseeData/serverSpace/gogs/custom
2018/11/29 00:33:33 [TRACE] Log path: /iamseeData/serverSpace/gogs/log
2018/11/29 00:33:33 [TRACE] Log Mode: Console (Trace)
2018/11/29 00:33:33 [ INFO] Gogs 0.11.33.1119
2018/11/29 00:33:33 [ INFO] Cache Service Enabled
2018/11/29 00:33:33 [ INFO] Session Service Enabled
2018/11/29 00:33:33 [ INFO] SQLite3 Supported
2018/11/29 00:33:33 [ INFO] Run Mode: Development
2018/11/29 00:33:33 [ INFO] Listen: http://0.0.0.0:3000
2018/11/29 00:33:33 [FATAL] [...rfave/cli/command.go:193 Run()] Fail to start server: listen tcp 0.0.0.0:3000: bind: address already in use
2018/11/29 00:33:34 [ WARN] Custom config '/iamseeData/serverSpace/gogs/custom/conf/app.ini' not found, ignore this if you're running first time
2018/11/29 00:33:34 [TRACE] Custom path: /iamseeData/serverSpace/gogs/custom
2018/11/29 00:33:34 [TRACE] Log path: /iamseeData/serverSpace/gogs/log
2018/11/29 00:33:34 [TRACE] Log Mode: Console (Trace)
2018/11/29 00:33:34 [ INFO] Gogs 0.11.33.1119
2018/11/29 00:33:34 [ INFO] Cache Service Enabled
2018/11/29 00:33:34 [ INFO] Session Service Enabled
2018/11/29 00:33:34 [ INFO] SQLite3 Supported
2018/11/29 00:33:34 [ INFO] Run Mode: Development
2018/11/29 00:33:35 [ INFO] Listen: http://0.0.0.0:3000
2018/11/29 00:33:35 [FATAL] [...rfave/cli/command.go:193 Run()] Fail to start server: listen tcp 0.0.0.0:3000: bind: address already in use
2018/11/29 00:33:37 [ WARN] Custom config '/iamseeData/serverSpace/gogs/custom/conf/app.ini' not found, ignore this if you're running first time
2018/11/29 00:33:37 [TRACE] Custom path: /iamseeData/serverSpace/gogs/custom
2018/11/29 00:33:37 [TRACE] Log path: /iamseeData/serverSpace/gogs/log
2018/11/29 00:33:37 [TRACE] Log Mode: Console (Trace)
2018/11/29 00:33:37 [ INFO] Gogs 0.11.33.1119
2018/11/29 00:33:37 [ INFO] Cache Service Enabled
2018/11/29 00:33:37 [ INFO] Session Service Enabled
2018/11/29 00:33:37 [ INFO] SQLite3 Supported
2018/11/29 00:33:37 [ INFO] Run Mode: Development
2018/11/29 00:33:37 [ INFO] Listen: http://0.0.0.0:3000
2018/11/29 00:33:37 [FATAL] [...rfave/cli/command.go:193 Run()] Fail to start server: listen tcp 0.0.0.0:3000: bind: address already in use
2018/11/29 00:33:41 [ WARN] Custom config '/iamseeData/serverSpace/gogs/custom/conf/app.ini' not found, ignore this if you're running first time
2018/11/29 00:33:41 [TRACE] Custom path: /iamseeData/serverSpace/gogs/custom
2018/11/29 00:33:41 [TRACE] Log path: /iamseeData/serverSpace/gogs/log
2018/11/29 00:33:41 [TRACE] Log Mode: Console (Trace)
2018/11/29 00:33:41 [ INFO] Gogs 0.11.33.1119
2018/11/29 00:33:41 [ INFO] Cache Service Enabled
2018/11/29 00:33:41 [ INFO] Session Service Enabled
2018/11/29 00:33:41 [ INFO] SQLite3 Supported
2018/11/29 00:33:41 [ INFO] Run Mode: Development
2018/11/29 00:33:41 [ INFO] Listen: http://0.0.0.0:3000
2018/11/29 00:33:41 [FATAL] [...rfave/cli/command.go:193 Run()] Fail to start server: listen tcp 0.0.0.0:3000: bind: address already in use
2018/11/29 00:34:07 [ WARN] Custom config '/iamseeData/serverSpace/gogs/custom/conf/app.ini' not found, ignore this if you're running first time
2018/11/29 00:34:07 [TRACE] Custom path: /iamseeData/serverSpace/gogs/custom
2018/11/29 00:34:07 [TRACE] Log path: /iamseeData/serverSpace/gogs/log
2018/11/29 00:34:07 [TRACE] Log Mode: Console (Trace)
2018/11/29 00:34:07 [ INFO] Gogs 0.11.33.1119
2018/11/29 00:34:07 [ INFO] Cache Service Enabled
2018/11/29 00:34:07 [ INFO] Session Service Enabled
2018/11/29 00:34:07 [ INFO] SQLite3 Supported
2018/11/29 00:34:07 [ INFO] Run Mode: Development
2018/11/29 00:34:07 [ INFO] Listen: http://0.0.0.0:3000
2018/11/29 02:44:27 [ WARN] Custom config '/iamseeData/serverSpace/gogs/custom/conf/app.ini' not found, ignore this if you're running first time
2018/11/29 02:44:27 [FATAL] [...g/setting/setting.go:501 NewContext()] Fail to create '/iamseeData/gitData/.ssh': mkdir /iamseeData/gitData/.ssh: permission denied
2018/11/29 02:44:28 [ WARN] Custom config '/iamseeData/serverSpace/gogs/custom/conf/app.ini' not found, ignore this if you're running first time
2018/11/29 02:44:28 [FATAL] [...g/setting/setting.go:501 NewContext()] Fail to create '/iamseeData/gitData/.ssh': mkdir /iamseeData/gitData/.ssh: permission denied
2018/11/29 02:44:31 [ WARN] Custom config '/iamseeData/serverSpace/gogs/custom/conf/app.ini' not found, ignore this if you're running first time
2018/11/29 02:44:31 [FATAL] [...g/setting/setting.go:501 NewContext()] Fail to create '/iamseeData/gitData/.ssh': mkdir /iamseeData/gitData/.ssh: permission denied
2018/11/29 02:44:34 [ WARN] Custom config '/iamseeData/serverSpace/gogs/custom/conf/app.ini' not found, ignore this if you're running first time
2018/11/29 02:44:34 [FATAL] [...g/setting/setting.go:501 NewContext()] Fail to create '/iamseeData/gitData/.ssh': mkdir /iamseeData/gitData/.ssh: permission denied
2018/11/29 02:44:36 [ WARN] Custom config '/iamseeData/serverSpace/gogs/custom/conf/app.ini' not found, ignore this if you're running first time
2018/11/29 02:44:36 [FATAL] [...g/setting/setting.go:501 NewContext()] Fail to create '/iamseeData/gitData/.ssh': mkdir /iamseeData/gitData/.ssh: permission denied
2018/11/29 02:44:37 [ WARN] Custom config '/iamseeData/serverSpace/gogs/custom/conf/app.ini' not found, ignore this if you're running first time
2018/11/29 02:44:37 [FATAL] [...g/setting/setting.go:501 NewContext()] Fail to create '/iamseeData/gitData/.ssh': mkdir /iamseeData/gitData/.ssh: permission denied
2018/11/29 02:44:40 [ WARN] Custom config '/iamseeData/serverSpace/gogs/custom/conf/app.ini' not found, ignore this if you're running first time
2018/11/29 02:44:40 [FATAL] [...g/setting/setting.go:501 NewContext()] Fail to create '/iamseeData/gitData/.ssh': mkdir /iamseeData/gitData/.ssh: permission denied
2018/11/29 02:44:43 [ WARN] Custom config '/iamseeData/serverSpace/gogs/custom/conf/app.ini' not found, ignore this if you're running first time
2018/11/29 02:44:43 [FATAL] [...g/setting/setting.go:501 NewContext()] Fail to create '/iamseeData/gitData/.ssh': mkdir /iamseeData/gitData/.ssh: permission denied
2018/11/29 02:44:49 [ WARN] Custom config '/iamseeData/serverSpace/gogs/custom/conf/app.ini' not found, ignore this if you're running first time
2018/11/29 02:44:49 [FATAL] [...g/setting/setting.go:501 NewContext()] Fail to create '/iamseeData/gitData/.ssh': mkdir /iamseeData/gitData/.ssh: permission denied
2018/11/29 02:44:50 [ WARN] Custom config '/iamseeData/serverSpace/gogs/custom/conf/app.ini' not found, ignore this if you're running first time
2018/11/29 02:44:50 [FATAL] [...g/setting/setting.go:501 NewContext()] Fail to create '/iamseeData/gitData/.ssh': mkdir /iamseeData/gitData/.ssh: permission denied
2018/11/29 02:44:52 [ WARN] Custom config '/iamseeData/serverSpace/gogs/custom/conf/app.ini' not found, ignore this if you're running first time
2018/11/29 02:44:52 [FATAL] [...g/setting/setting.go:501 NewContext()] Fail to create '/iamseeData/gitData/.ssh': mkdir /iamseeData/gitData/.ssh: permission denied
2018/11/29 02:44:55 [ WARN] Custom config '/iamseeData/serverSpace/gogs/custom/conf/app.ini' not found, ignore this if you're running first time
2018/11/29 02:44:55 [FATAL] [...g/setting/setting.go:501 NewContext()] Fail to create '/iamseeData/gitData/.ssh': mkdir /iamseeData/gitData/.ssh: permission denied
2018/11/29 02:46:23 [ WARN] Custom config '/iamseeData/serverSpace/gogs/custom/conf/app.ini' not found, ignore this if you're running first time
2018/11/29 02:46:23 [TRACE] Custom path: /iamseeData/serverSpace/gogs/custom
2018/11/29 02:46:23 [TRACE] Log path: /iamseeData/serverSpace/gogs/log
2018/11/29 02:46:23 [TRACE] Log Mode: Console (Trace)
2018/11/29 02:46:23 [ INFO] Gogs 0.11.33.1119
2018/11/29 02:46:23 [ INFO] Cache Service Enabled
2018/11/29 02:46:23 [ INFO] Session Service Enabled
2018/11/29 02:46:23 [ INFO] SQLite3 Supported
2018/11/29 02:46:23 [ INFO] Run Mode: Development
2018/11/29 02:46:23 [ INFO] Listen: http://0.0.0.0:3000
2018/11/29 04:28:33 [ WARN] Custom config '/iamseeData/serverSpace/gogs/custom/conf/app.ini' not found, ignore this if you're running first time
2018/11/29 04:28:33 [TRACE] Custom path: /iamseeData/serverSpace/gogs/custom
2018/11/29 04:28:33 [TRACE] Log path: /iamseeData/serverSpace/gogs/log
2018/11/29 04:28:33 [TRACE] Log Mode: Console (Trace)
2018/11/29 04:28:33 [ INFO] Gogs 0.11.33.1119
2018/11/29 04:28:33 [ INFO] Cache Service Enabled
2018/11/29 04:28:33 [ INFO] Session Service Enabled
2018/11/29 04:28:33 [ INFO] SQLite3 Supported
2018/11/29 04:28:33 [ INFO] Run Mode: Development
2018/11/29 04:28:34 [ INFO] Listen: http://0.0.0.0:3000
2018/11/29 07:41:44 [ WARN] Custom config '/iamseeData/serverSpace/gogs/custom/conf/app.ini' not found, ignore this if you're running first time
2018/11/29 07:41:44 [TRACE] Custom path: /iamseeData/serverSpace/gogs/custom
2018/11/29 07:41:44 [TRACE] Log path: /iamseeData/serverSpace/gogs/log
2018/11/29 07:41:44 [TRACE] Log Mode: Console (Trace)
2018/11/29 07:41:44 [ INFO] Gogs 0.11.33.1119
2018/11/29 07:41:44 [ INFO] Cache Service Enabled
2018/11/29 07:41:44 [ INFO] Session Service Enabled
2018/11/29 07:41:44 [ INFO] SQLite3 Supported
2018/11/29 07:41:44 [ INFO] Run Mode: Development
2018/11/29 07:41:44 [ INFO] Listen: http://0.0.0.0:3000
2018/11/29 08:27:00 [ WARN] Custom config '/iamseeData/serverSpace/gogs/custom/conf/app.ini' not found, ignore this if you're running first time
2018/11/29 08:27:00 [TRACE] Custom path: /iamseeData/serverSpace/gogs/custom
2018/11/29 08:27:00 [TRACE] Log path: /iamseeData/serverSpace/gogs/log
2018/11/29 08:27:00 [TRACE] Log Mode: Console (Trace)
2018/11/29 08:27:00 [ INFO] Gogs 0.11.33.1119
2018/11/29 08:27:00 [ INFO] Cache Service Enabled
2018/11/29 08:27:00 [ INFO] Session Service Enabled
2018/11/29 08:27:00 [ INFO] SQLite3 Supported
2018/11/29 08:27:00 [ INFO] Run Mode: Development
2018/11/29 08:27:00 [ INFO] Listen: http://0.0.0.0:3000
2018/11/29 08:39:01 [ WARN] Custom config '/iamseeData/serverSpace/gogs/custom/conf/app.ini' not found, ignore this if you're running first time
2018/11/29 08:39:01 [TRACE] Custom path: /iamseeData/serverSpace/gogs/custom
2018/11/29 08:39:01 [TRACE] Log path: /iamseeData/serverSpace/gogs/log
2018/11/29 08:39:01 [TRACE] Log Mode: Console (Trace)
2018/11/29 08:39:01 [ INFO] Gogs 0.11.33.1119
2018/11/29 08:39:01 [ INFO] Cache Service Enabled
2018/11/29 08:39:01 [ INFO] Session Service Enabled
2018/11/29 08:39:01 [ INFO] SQLite3 Supported
2018/11/29 08:39:01 [ INFO] Run Mode: Development
2018/11/29 08:39:01 [ INFO] Listen: http://0.0.0.0:3000
2018/11/30 04:16:55 [ WARN] Custom config '/iamseeData/serverSpace/gogs/custom/conf/app.ini' not found, ignore this if you're running first time
2018/11/30 04:16:55 [TRACE] Custom path: /iamseeData/serverSpace/gogs/custom
2018/11/30 04:16:55 [TRACE] Log path: /iamseeData/serverSpace/gogs/log
2018/11/30 04:16:55 [TRACE] Log Mode: Console (Trace)
2018/11/30 04:16:55 [ INFO] Gogs 0.11.33.1119
2018/11/30 04:16:55 [ INFO] Cache Service Enabled
2018/11/30 04:16:55 [ INFO] Session Service Enabled
2018/11/30 04:16:55 [ INFO] SQLite3 Supported
2018/11/30 04:16:55 [ INFO] Run Mode: Development
2018/11/30 04:16:55 [ INFO] Listen: http://0.0.0.0:3000
2018/12/01 06:20:49 [ WARN] Custom config '/iamseeData/serverSpace/gogs/custom/conf/app.ini' not found, ignore this if you're running first time
2018/12/01 06:20:49 [TRACE] Custom path: /iamseeData/serverSpace/gogs/custom
2018/12/01 06:20:49 [TRACE] Log path: /iamseeData/serverSpace/gogs/log
2018/12/01 06:20:49 [TRACE] Log Mode: Console (Trace)
2018/12/01 06:20:49 [ INFO] Gogs 0.11.33.1119
2018/12/01 06:20:49 [ INFO] Cache Service Enabled
2018/12/01 06:20:49 [ INFO] Session Service Enabled
2018/12/01 06:20:49 [ INFO] SQLite3 Supported
2018/12/01 06:20:49 [ INFO] Run Mode: Development
2018/12/01 06:20:50 [ INFO] Listen: http://0.0.0.0:3000
