168:C 29 Nov 2018 00:40:19.763 # oO0OoO0OoO0Oo Redis is starting oO0OoO0OoO0Oo
168:C 29 Nov 2018 00:40:19.763 # Redis version=5.0.2, bits=64, commit=00000000, modified=0, pid=168, just started
168:C 29 Nov 2018 00:40:19.763 # Configuration loaded
                _._                                                  
           _.-``__ ''-._                                             
      _.-``    `.  `_.  ''-._           Redis 5.0.2 (00000000/0) 64 bit
  .-`` .-```.  ```\/    _.,_ ''-._                                   
 (    '      ,       .-`  | `,    )     Running in standalone mode
 |`-._`-...-` __...-.``-._|'` _.-'|     Port: 6380
 |    `-._   `._    /     _.-'    |     PID: 168
  `-._    `-._  `-./  _.-'    _.-'                                   
 |`-._`-._    `-.__.-'    _.-'_.-'|                                  
 |    `-._`-._        _.-'_.-'    |           http://redis.io        
  `-._    `-._`-.__.-'_.-'    _.-'                                   
 |`-._`-._    `-.__.-'    _.-'_.-'|                                  
 |    `-._`-._        _.-'_.-'    |                                  
  `-._    `-._`-.__.-'_.-'    _.-'                                   
      `-._    `-.__.-'    _.-'                                       
          `-._        _.-'                                           
              `-.__.-'                                               

168:M 29 Nov 2018 00:40:19.768 # WARNING: The TCP backlog setting of 511 cannot be enforced because /proc/sys/net/core/somaxconn is set to the lower value of 128.
168:M 29 Nov 2018 00:40:19.768 # Server initialized
168:M 29 Nov 2018 00:40:19.768 # WARNING you have Transparent Huge Pages (THP) support enabled in your kernel. This will create latency and memory usage issues with Redis. To fix this issue run the command 'echo never > /sys/kernel/mm/transparent_hugepage/enabled' as root, and add it to your /etc/rc.local in order to retain the setting after a reboot. Redis must be restarted after THP is disabled.
168:M 29 Nov 2018 00:40:19.768 * Ready to accept connections
73097:C 29 Nov 2018 02:44:27.275 # oO0OoO0OoO0Oo Redis is starting oO0OoO0OoO0Oo
73097:C 29 Nov 2018 02:44:27.275 # Redis version=5.0.2, bits=64, commit=00000000, modified=0, pid=73097, just started
73097:C 29 Nov 2018 02:44:27.275 # Configuration loaded
                _._                                                  
           _.-``__ ''-._                                             
      _.-``    `.  `_.  ''-._           Redis 5.0.2 (00000000/0) 64 bit
  .-`` .-```.  ```\/    _.,_ ''-._                                   
 (    '      ,       .-`  | `,    )     Running in standalone mode
 |`-._`-...-` __...-.``-._|'` _.-'|     Port: 6380
 |    `-._   `._    /     _.-'    |     PID: 73097
  `-._    `-._  `-./  _.-'    _.-'                                   
 |`-._`-._    `-.__.-'    _.-'_.-'|                                  
 |    `-._`-._        _.-'_.-'    |           http://redis.io        
  `-._    `-._`-.__.-'_.-'    _.-'                                   
 |`-._`-._    `-.__.-'    _.-'_.-'|                                  
 |    `-._`-._        _.-'_.-'    |                                  
  `-._    `-._`-.__.-'_.-'    _.-'                                   
      `-._    `-.__.-'    _.-'                                       
          `-._        _.-'                                           
              `-.__.-'                                               

73097:M 29 Nov 2018 02:44:27.285 # WARNING: The TCP backlog setting of 511 cannot be enforced because /proc/sys/net/core/somaxconn is set to the lower value of 128.
73097:M 29 Nov 2018 02:44:27.286 # Server initialized
73097:M 29 Nov 2018 02:44:27.287 # WARNING you have Transparent Huge Pages (THP) support enabled in your kernel. This will create latency and memory usage issues with Redis. To fix this issue run the command 'echo never > /sys/kernel/mm/transparent_hugepage/enabled' as root, and add it to your /etc/rc.local in order to retain the setting after a reboot. Redis must be restarted after THP is disabled.
73097:M 29 Nov 2018 02:44:27.288 * Ready to accept connections
75549:C 29 Nov 2018 04:28:33.409 # oO0OoO0OoO0Oo Redis is starting oO0OoO0OoO0Oo
75549:C 29 Nov 2018 04:28:33.410 # Redis version=5.0.2, bits=64, commit=00000000, modified=0, pid=75549, just started
75549:C 29 Nov 2018 04:28:33.410 # Configuration loaded
                _._                                                  
           _.-``__ ''-._                                             
      _.-``    `.  `_.  ''-._           Redis 5.0.2 (00000000/0) 64 bit
  .-`` .-```.  ```\/    _.,_ ''-._                                   
 (    '      ,       .-`  | `,    )     Running in standalone mode
 |`-._`-...-` __...-.``-._|'` _.-'|     Port: 6380
 |    `-._   `._    /     _.-'    |     PID: 75549
  `-._    `-._  `-./  _.-'    _.-'                                   
 |`-._`-._    `-.__.-'    _.-'_.-'|                                  
 |    `-._`-._        _.-'_.-'    |           http://redis.io        
  `-._    `-._`-.__.-'_.-'    _.-'                                   
 |`-._`-._    `-.__.-'    _.-'_.-'|                                  
 |    `-._`-._        _.-'_.-'    |                                  
  `-._    `-._`-.__.-'_.-'    _.-'                                   
      `-._    `-.__.-'    _.-'                                       
          `-._        _.-'                                           
              `-.__.-'                                               

75549:M 29 Nov 2018 04:28:33.427 # WARNING: The TCP backlog setting of 511 cannot be enforced because /proc/sys/net/core/somaxconn is set to the lower value of 128.
75549:M 29 Nov 2018 04:28:33.427 # Server initialized
75549:M 29 Nov 2018 04:28:33.427 # WARNING you have Transparent Huge Pages (THP) support enabled in your kernel. This will create latency and memory usage issues with Redis. To fix this issue run the command 'echo never > /sys/kernel/mm/transparent_hugepage/enabled' as root, and add it to your /etc/rc.local in order to retain the setting after a reboot. Redis must be restarted after THP is disabled.
75549:M 29 Nov 2018 04:28:33.427 * Ready to accept connections
75470:C 29 Nov 2018 07:41:44.298 # oO0OoO0OoO0Oo Redis is starting oO0OoO0OoO0Oo
75470:C 29 Nov 2018 07:41:44.299 # Redis version=5.0.2, bits=64, commit=00000000, modified=0, pid=75470, just started
75470:C 29 Nov 2018 07:41:44.299 # Configuration loaded
                _._                                                  
           _.-``__ ''-._                                             
      _.-``    `.  `_.  ''-._           Redis 5.0.2 (00000000/0) 64 bit
  .-`` .-```.  ```\/    _.,_ ''-._                                   
 (    '      ,       .-`  | `,    )     Running in standalone mode
 |`-._`-...-` __...-.``-._|'` _.-'|     Port: 6380
 |    `-._   `._    /     _.-'    |     PID: 75470
  `-._    `-._  `-./  _.-'    _.-'                                   
 |`-._`-._    `-.__.-'    _.-'_.-'|                                  
 |    `-._`-._        _.-'_.-'    |           http://redis.io        
  `-._    `-._`-.__.-'_.-'    _.-'                                   
 |`-._`-._    `-.__.-'    _.-'_.-'|                                  
 |    `-._`-._        _.-'_.-'    |                                  
  `-._    `-._`-.__.-'_.-'    _.-'                                   
      `-._    `-.__.-'    _.-'                                       
          `-._        _.-'                                           
              `-.__.-'                                               

75470:M 29 Nov 2018 07:41:44.309 # WARNING: The TCP backlog setting of 511 cannot be enforced because /proc/sys/net/core/somaxconn is set to the lower value of 128.
75470:M 29 Nov 2018 07:41:44.309 # Server initialized
75470:M 29 Nov 2018 07:41:44.309 # WARNING you have Transparent Huge Pages (THP) support enabled in your kernel. This will create latency and memory usage issues with Redis. To fix this issue run the command 'echo never > /sys/kernel/mm/transparent_hugepage/enabled' as root, and add it to your /etc/rc.local in order to retain the setting after a reboot. Redis must be restarted after THP is disabled.
75470:M 29 Nov 2018 07:41:44.309 * Ready to accept connections
75468:C 29 Nov 2018 08:26:59.377 # oO0OoO0OoO0Oo Redis is starting oO0OoO0OoO0Oo
75468:C 29 Nov 2018 08:26:59.378 # Redis version=5.0.2, bits=64, commit=00000000, modified=0, pid=75468, just started
75468:C 29 Nov 2018 08:26:59.378 # Configuration loaded
                _._                                                  
           _.-``__ ''-._                                             
      _.-``    `.  `_.  ''-._           Redis 5.0.2 (00000000/0) 64 bit
  .-`` .-```.  ```\/    _.,_ ''-._                                   
 (    '      ,       .-`  | `,    )     Running in standalone mode
 |`-._`-...-` __...-.``-._|'` _.-'|     Port: 6380
 |    `-._   `._    /     _.-'    |     PID: 75468
  `-._    `-._  `-./  _.-'    _.-'                                   
 |`-._`-._    `-.__.-'    _.-'_.-'|                                  
 |    `-._`-._        _.-'_.-'    |           http://redis.io        
  `-._    `-._`-.__.-'_.-'    _.-'                                   
 |`-._`-._    `-.__.-'    _.-'_.-'|                                  
 |    `-._`-._        _.-'_.-'    |                                  
  `-._    `-._`-.__.-'_.-'    _.-'                                   
      `-._    `-.__.-'    _.-'                                       
          `-._        _.-'                                           
              `-.__.-'                                               

75468:M 29 Nov 2018 08:26:59.406 # WARNING: The TCP backlog setting of 511 cannot be enforced because /proc/sys/net/core/somaxconn is set to the lower value of 128.
75468:M 29 Nov 2018 08:26:59.406 # Server initialized
75468:M 29 Nov 2018 08:26:59.406 # WARNING you have Transparent Huge Pages (THP) support enabled in your kernel. This will create latency and memory usage issues with Redis. To fix this issue run the command 'echo never > /sys/kernel/mm/transparent_hugepage/enabled' as root, and add it to your /etc/rc.local in order to retain the setting after a reboot. Redis must be restarted after THP is disabled.
75468:M 29 Nov 2018 08:26:59.406 * Ready to accept connections
75468:signal-handler (1543480730) Received SIGTERM scheduling shutdown...
75468:M 29 Nov 2018 08:38:50.666 # User requested shutdown...
75468:M 29 Nov 2018 08:38:50.666 * Saving the final RDB snapshot before exiting.
75468:M 29 Nov 2018 08:38:50.674 * DB saved on disk
75468:M 29 Nov 2018 08:38:50.674 * Removing the pid file.
75468:M 29 Nov 2018 08:38:50.674 # Redis is now ready to exit, bye bye...
75560:C 29 Nov 2018 08:39:00.881 # oO0OoO0OoO0Oo Redis is starting oO0OoO0OoO0Oo
75560:C 29 Nov 2018 08:39:00.881 # Redis version=5.0.2, bits=64, commit=00000000, modified=0, pid=75560, just started
75560:C 29 Nov 2018 08:39:00.881 # Configuration loaded
                _._                                                  
           _.-``__ ''-._                                             
      _.-``    `.  `_.  ''-._           Redis 5.0.2 (00000000/0) 64 bit
  .-`` .-```.  ```\/    _.,_ ''-._                                   
 (    '      ,       .-`  | `,    )     Running in standalone mode
 |`-._`-...-` __...-.``-._|'` _.-'|     Port: 6380
 |    `-._   `._    /     _.-'    |     PID: 75560
  `-._    `-._  `-./  _.-'    _.-'                                   
 |`-._`-._    `-.__.-'    _.-'_.-'|                                  
 |    `-._`-._        _.-'_.-'    |           http://redis.io        
  `-._    `-._`-.__.-'_.-'    _.-'                                   
 |`-._`-._    `-.__.-'    _.-'_.-'|                                  
 |    `-._`-._        _.-'_.-'    |                                  
  `-._    `-._`-.__.-'_.-'    _.-'                                   
      `-._    `-.__.-'    _.-'                                       
          `-._        _.-'                                           
              `-.__.-'                                               

75560:M 29 Nov 2018 08:39:00.883 # WARNING: The TCP backlog setting of 511 cannot be enforced because /proc/sys/net/core/somaxconn is set to the lower value of 128.
75560:M 29 Nov 2018 08:39:00.883 # Server initialized
75560:M 29 Nov 2018 08:39:00.883 # WARNING you have Transparent Huge Pages (THP) support enabled in your kernel. This will create latency and memory usage issues with Redis. To fix this issue run the command 'echo never > /sys/kernel/mm/transparent_hugepage/enabled' as root, and add it to your /etc/rc.local in order to retain the setting after a reboot. Redis must be restarted after THP is disabled.
75560:M 29 Nov 2018 08:39:00.883 * DB loaded from disk: 0.000 seconds
75560:M 29 Nov 2018 08:39:00.883 * Ready to accept connections
75504:C 30 Nov 2018 04:16:55.015 # oO0OoO0OoO0Oo Redis is starting oO0OoO0OoO0Oo
75504:C 30 Nov 2018 04:16:55.015 # Redis version=5.0.2, bits=64, commit=00000000, modified=0, pid=75504, just started
75504:C 30 Nov 2018 04:16:55.015 # Configuration loaded
                _._                                                  
           _.-``__ ''-._                                             
      _.-``    `.  `_.  ''-._           Redis 5.0.2 (00000000/0) 64 bit
  .-`` .-```.  ```\/    _.,_ ''-._                                   
 (    '      ,       .-`  | `,    )     Running in standalone mode
 |`-._`-...-` __...-.``-._|'` _.-'|     Port: 6380
 |    `-._   `._    /     _.-'    |     PID: 75504
  `-._    `-._  `-./  _.-'    _.-'                                   
 |`-._`-._    `-.__.-'    _.-'_.-'|                                  
 |    `-._`-._        _.-'_.-'    |           http://redis.io        
  `-._    `-._`-.__.-'_.-'    _.-'                                   
 |`-._`-._    `-.__.-'    _.-'_.-'|                                  
 |    `-._`-._        _.-'_.-'    |                                  
  `-._    `-._`-.__.-'_.-'    _.-'                                   
      `-._    `-.__.-'    _.-'                                       
          `-._        _.-'                                           
              `-.__.-'                                               

75504:M 30 Nov 2018 04:16:55.018 # WARNING: The TCP backlog setting of 511 cannot be enforced because /proc/sys/net/core/somaxconn is set to the lower value of 128.
75504:M 30 Nov 2018 04:16:55.018 # Server initialized
75504:M 30 Nov 2018 04:16:55.018 # WARNING you have Transparent Huge Pages (THP) support enabled in your kernel. This will create latency and memory usage issues with Redis. To fix this issue run the command 'echo never > /sys/kernel/mm/transparent_hugepage/enabled' as root, and add it to your /etc/rc.local in order to retain the setting after a reboot. Redis must be restarted after THP is disabled.
75504:M 30 Nov 2018 04:16:55.018 * Ready to accept connections
26:C 01 Dec 2018 06:20:49.332 # oO0OoO0OoO0Oo Redis is starting oO0OoO0OoO0Oo
26:C 01 Dec 2018 06:20:49.332 # Redis version=5.0.2, bits=64, commit=00000000, modified=0, pid=26, just started
26:C 01 Dec 2018 06:20:49.332 # Configuration loaded
                _._                                                  
           _.-``__ ''-._                                             
      _.-``    `.  `_.  ''-._           Redis 5.0.2 (00000000/0) 64 bit
  .-`` .-```.  ```\/    _.,_ ''-._                                   
 (    '      ,       .-`  | `,    )     Running in standalone mode
 |`-._`-...-` __...-.``-._|'` _.-'|     Port: 6380
 |    `-._   `._    /     _.-'    |     PID: 26
  `-._    `-._  `-./  _.-'    _.-'                                   
 |`-._`-._    `-.__.-'    _.-'_.-'|                                  
 |    `-._`-._        _.-'_.-'    |           http://redis.io        
  `-._    `-._`-.__.-'_.-'    _.-'                                   
 |`-._`-._    `-.__.-'    _.-'_.-'|                                  
 |    `-._`-._        _.-'_.-'    |                                  
  `-._    `-._`-.__.-'_.-'    _.-'                                   
      `-._    `-.__.-'    _.-'                                       
          `-._        _.-'                                           
              `-.__.-'                                               

26:M 01 Dec 2018 06:20:49.335 # WARNING: The TCP backlog setting of 511 cannot be enforced because /proc/sys/net/core/somaxconn is set to the lower value of 128.
26:M 01 Dec 2018 06:20:49.335 # Server initialized
26:M 01 Dec 2018 06:20:49.336 # WARNING you have Transparent Huge Pages (THP) support enabled in your kernel. This will create latency and memory usage issues with Redis. To fix this issue run the command 'echo never > /sys/kernel/mm/transparent_hugepage/enabled' as root, and add it to your /etc/rc.local in order to retain the setting after a reboot. Redis must be restarted after THP is disabled.
26:M 01 Dec 2018 06:20:49.336 * Ready to accept connections
